0 info it worked if it ends with ok
1 verbose cli [ '/usr/bin/node',
1 verbose cli   '/usr/bin/npm',
1 verbose cli   'install',
1 verbose cli   '-g',
1 verbose cli   'demeteorizer' ]
2 info using npm@1.4.28
3 info using node@v0.10.35
4 verbose node symlink /usr/bin/node
5 verbose cache add [ 'demeteorizer', null ]
6 verbose cache add name=undefined spec="demeteorizer" args=["demeteorizer",null]
7 verbose parsed url { protocol: null,
7 verbose parsed url   slashes: null,
7 verbose parsed url   auth: null,
7 verbose parsed url   host: null,
7 verbose parsed url   port: null,
7 verbose parsed url   hostname: null,
7 verbose parsed url   hash: null,
7 verbose parsed url   search: null,
7 verbose parsed url   query: null,
7 verbose parsed url   pathname: 'demeteorizer',
7 verbose parsed url   path: 'demeteorizer',
7 verbose parsed url   href: 'demeteorizer' }
8 silly lockFile 1f24c036-demeteorizer demeteorizer
9 verbose lock demeteorizer /home/vagrant/.npm/1f24c036-demeteorizer.lock
10 silly lockFile 1f24c036-demeteorizer demeteorizer
11 silly lockFile 1f24c036-demeteorizer demeteorizer
12 verbose addNamed [ 'demeteorizer', '' ]
13 verbose addNamed [ null, '*' ]
14 silly lockFile f097233f-demeteorizer demeteorizer@
15 verbose lock demeteorizer@ /home/vagrant/.npm/f097233f-demeteorizer.lock
16 silly addNameRange { name: 'demeteorizer', range: '*', hasData: false }
17 verbose request where is /demeteorizer
18 verbose request registry https://registry.npmjs.org/
19 verbose request id 65dfe36c39a02612
20 verbose url raw /demeteorizer
21 verbose url resolving [ 'https://registry.npmjs.org/', './demeteorizer' ]
22 verbose url resolved https://registry.npmjs.org/demeteorizer
23 verbose request where is https://registry.npmjs.org/demeteorizer
24 info trying registry request attempt 1 at 10:55:26
25 http GET https://registry.npmjs.org/demeteorizer
26 http 200 https://registry.npmjs.org/demeteorizer
27 silly registry.get cb [ 200,
27 silly registry.get   { date: 'Tue, 03 Feb 2015 10:55:31 GMT',
27 silly registry.get     server: 'CouchDB/1.5.0 (Erlang OTP/R16B03)',
27 silly registry.get     etag: '"AJBU8LCCQ2XWNS1LI29O4V25J"',
27 silly registry.get     'content-type': 'application/json',
27 silly registry.get     'cache-control': 'max-age=60',
27 silly registry.get     'content-length': '48764',
27 silly registry.get     'accept-ranges': 'bytes',
27 silly registry.get     via: '1.1 varnish',
27 silly registry.get     age: '0',
27 silly registry.get     'x-served-by': 'cache-ams4120-AMS',
27 silly registry.get     'x-cache': 'MISS',
27 silly registry.get     'x-cache-hits': '0',
27 silly registry.get     'x-timer': 'S1422960931.406637,VS0,VE377',
27 silly registry.get     vary: 'Accept',
27 silly registry.get     'keep-alive': 'timeout=10, max=50',
27 silly registry.get     connection: 'Keep-Alive' } ]
28 silly addNameRange number 2 { name: 'demeteorizer', range: '*', hasData: true }
29 silly addNameRange versions [ 'demeteorizer',
29 silly addNameRange   [ '0.1.0',
29 silly addNameRange     '0.2.0',
29 silly addNameRange     '0.2.1',
29 silly addNameRange     '0.2.2',
29 silly addNameRange     '0.2.3',
29 silly addNameRange     '0.2.4',
29 silly addNameRange     '0.2.5',
29 silly addNameRange     '0.2.6',
29 silly addNameRange     '0.2.7',
29 silly addNameRange     '0.2.8',
29 silly addNameRange     '0.2.9',
29 silly addNameRange     '0.3.0',
29 silly addNameRange     '0.3.1',
29 silly addNameRange     '0.3.2',
29 silly addNameRange     '0.4.0',
29 silly addNameRange     '0.5.0',
29 silly addNameRange     '0.6.0',
29 silly addNameRange     '0.6.1',
29 silly addNameRange     '0.7.0',
29 silly addNameRange     '0.8.0',
29 silly addNameRange     '0.8.1',
29 silly addNameRange     '0.9.0',
29 silly addNameRange     '1.0.0',
29 silly addNameRange     '1.0.1',
29 silly addNameRange     '1.0.2',
29 silly addNameRange     '1.0.3',
29 silly addNameRange     '2.0.0',
29 silly addNameRange     '2.0.1',
29 silly addNameRange     '2.0.2',
29 silly addNameRange     '2.0.3',
29 silly addNameRange     '2.0.4',
29 silly addNameRange     '2.0.5',
29 silly addNameRange     '2.0.6' ] ]
30 verbose addNamed [ 'demeteorizer', '2.0.6' ]
31 verbose addNamed [ '2.0.6', '2.0.6' ]
32 silly lockFile eb076eed-demeteorizer-2-0-6 demeteorizer@2.0.6
33 verbose lock demeteorizer@2.0.6 /home/vagrant/.npm/eb076eed-demeteorizer-2-0-6.lock
34 silly lockFile 20dc7e67-eteorizer-demeteorizer-2-0-6-tgz https://registry.npmjs.org/demeteorizer/-/demeteorizer-2.0.6.tgz
35 verbose lock https://registry.npmjs.org/demeteorizer/-/demeteorizer-2.0.6.tgz /home/vagrant/.npm/20dc7e67-eteorizer-demeteorizer-2-0-6-tgz.lock
36 verbose addRemoteTarball [ 'https://registry.npmjs.org/demeteorizer/-/demeteorizer-2.0.6.tgz',
36 verbose addRemoteTarball   'a26749de4c1ae949448e3ad7f52cb32f6256ac6e' ]
37 info retry fetch attempt 1 at 10:55:31
38 verbose fetch to= /tmp/npm-2636-YWJ95piZ/registry.npmjs.org/demeteorizer/-/demeteorizer-2.0.6.tgz
39 http GET https://registry.npmjs.org/demeteorizer/-/demeteorizer-2.0.6.tgz
40 http 200 https://registry.npmjs.org/demeteorizer/-/demeteorizer-2.0.6.tgz
41 silly lockFile 20dc7e67-eteorizer-demeteorizer-2-0-6-tgz https://registry.npmjs.org/demeteorizer/-/demeteorizer-2.0.6.tgz
42 silly lockFile 20dc7e67-eteorizer-demeteorizer-2-0-6-tgz https://registry.npmjs.org/demeteorizer/-/demeteorizer-2.0.6.tgz
43 silly lockFile eb076eed-demeteorizer-2-0-6 demeteorizer@2.0.6
44 silly lockFile eb076eed-demeteorizer-2-0-6 demeteorizer@2.0.6
45 silly lockFile f097233f-demeteorizer demeteorizer@
46 silly lockFile f097233f-demeteorizer demeteorizer@
47 silly resolved [ { name: 'demeteorizer',
47 silly resolved     description: 'Converts a Meteor app into a "standard" Node.js application.',
47 silly resolved     keywords: [ 'meteor' ],
47 silly resolved     version: '2.0.6',
47 silly resolved     author: { name: 'Modulus', email: 'support@modulus.io' },
47 silly resolved     maintainers: [ [Object], [Object] ],
47 silly resolved     contributors: [ [Object], [Object], [Object], [Object], [Object] ],
47 silly resolved     license: 'MIT',
47 silly resolved     repository:
47 silly resolved      { type: 'git',
47 silly resolved        url: 'https://github.com/OnModulus/demeteorizer' },
47 silly resolved     dependencies:
47 silly resolved      { async: '0.2.10',
47 silly resolved        commander: '1.1.1',
47 silly resolved        'fs-tools': '0.2.11',
47 silly resolved        semver: '3.0.1' },
47 silly resolved     devDependencies:
47 silly resolved      { istanbul: '0.3.2',
47 silly resolved        jshint: '2.5.5',
47 silly resolved        mocha: '1.21.4',
47 silly resolved        proxyquire: '1.0.1',
47 silly resolved        should: '4.0.4',
47 silly resolved        sinon: '1.10.3' },
47 silly resolved     scripts: { test: 'make test' },
47 silly resolved     main: './lib/demeteorizer',
47 silly resolved     bin: { demeteorizer: './bin/demeteorizer' },
47 silly resolved     preferGlobal: true,
47 silly resolved     engines: { node: '>= 0.8.0' },
47 silly resolved     gitHead: '615225eb6cb85938e9e63e0682caf3c2dbacadcb',
47 silly resolved     bugs: { url: 'https://github.com/OnModulus/demeteorizer/issues' },
47 silly resolved     homepage: 'https://github.com/OnModulus/demeteorizer',
47 silly resolved     _id: 'demeteorizer@2.0.6',
47 silly resolved     _shasum: 'a26749de4c1ae949448e3ad7f52cb32f6256ac6e',
47 silly resolved     _from: 'demeteorizer@',
47 silly resolved     _npmVersion: '2.1.14',
47 silly resolved     _nodeVersion: '0.11.14',
47 silly resolved     _npmUser: { name: 'fiveisprime', email: 'matt@modulus.io' },
47 silly resolved     dist:
47 silly resolved      { shasum: 'a26749de4c1ae949448e3ad7f52cb32f6256ac6e',
47 silly resolved        tarball: 'http://registry.npmjs.org/demeteorizer/-/demeteorizer-2.0.6.tgz' },
47 silly resolved     directories: {},
47 silly resolved     _resolved: 'https://registry.npmjs.org/demeteorizer/-/demeteorizer-2.0.6.tgz' } ]
48 info install demeteorizer@2.0.6 into /usr/lib
49 info installOne demeteorizer@2.0.6
50 verbose lib/node_modules/demeteorizer unbuild
51 verbose tar unpack /home/vagrant/.npm/demeteorizer/2.0.6/package.tgz
52 silly lockFile 2eb488d9-sr-lib-node-modules-demeteorizer tar:///usr/lib/node_modules/demeteorizer
53 verbose lock tar:///usr/lib/node_modules/demeteorizer /home/vagrant/.npm/2eb488d9-sr-lib-node-modules-demeteorizer.lock
54 silly lockFile cd6cd796-m-demeteorizer-2-0-6-package-tgz tar:///home/vagrant/.npm/demeteorizer/2.0.6/package.tgz
55 verbose lock tar:///home/vagrant/.npm/demeteorizer/2.0.6/package.tgz /home/vagrant/.npm/cd6cd796-m-demeteorizer-2-0-6-package-tgz.lock
56 silly gunzTarPerm modes [ '775', '664' ]
57 error Error: EACCES, mkdir '/usr/lib/node_modules/demeteorizer'
57 error  { [Error: EACCES, mkdir '/usr/lib/node_modules/demeteorizer']
57 error   errno: 3,
57 error   code: 'EACCES',
57 error   path: '/usr/lib/node_modules/demeteorizer',
57 error   fstream_type: 'Directory',
57 error   fstream_path: '/usr/lib/node_modules/demeteorizer',
57 error   fstream_class: 'DirWriter',
57 error   fstream_stack:
57 error    [ '/usr/lib/node_modules/npm/node_modules/fstream/lib/dir-writer.js:36:23',
57 error      '/usr/lib/node_modules/npm/node_modules/mkdirp/index.js:46:53',
57 error      'Object.oncomplete (fs.js:108:15)' ] }
58 error Please try running this command again as root/Administrator.
59 error System Linux 3.13.0-43-generic
60 error command "/usr/bin/node" "/usr/bin/npm" "install" "-g" "demeteorizer"
61 error cwd /vagrant/interneHue
62 error node -v v0.10.35
63 error npm -v 1.4.28
64 error path /usr/lib/node_modules/demeteorizer
65 error fstream_path /usr/lib/node_modules/demeteorizer
66 error fstream_type Directory
67 error fstream_class DirWriter
68 error code EACCES
69 error errno 3
70 error stack Error: EACCES, mkdir '/usr/lib/node_modules/demeteorizer'
71 error fstream_stack /usr/lib/node_modules/npm/node_modules/fstream/lib/dir-writer.js:36:23
71 error fstream_stack /usr/lib/node_modules/npm/node_modules/mkdirp/index.js:46:53
71 error fstream_stack Object.oncomplete (fs.js:108:15)
72 verbose exit [ 3, true ]
